<?xml version="1.0" encoding="UTF-8"?>
<testsuite xmlns:xsi="http://www.w3.org/2001/XMLSchema-instance" xsi:noNamespaceSchemaLocation="https://maven.apache.org/surefire/maven-failsafe-plugin/xsd/failsafe-test-report.xsd" name="com.heroku.web.acceptancetests.AcceptanceTestSuite" time="59.858" tests="9" errors="3" skipped="0" failures="0">
  <properties>
[...]
</properties>
  <testcase name="Get All Employee Details" classname="com.heroku.web.acceptancetests.AcceptanceTestSuite" time="3.4"/>
  <testcase name="Get particular employee details" classname="com.heroku.web.acceptancetests.AcceptanceTestSuite" time="0.912">
    <error message="Failed to parse the JSON document" type="io.restassured.path.json.exception.JsonPathException"><![CDATA[io.restassured.path.json.exception.JsonPathException: Failed to parse the JSON document
Caused by: groovy.json.JsonException: Lexing failed on line: 1, column: 1, while reading '<', no possible valid JSON value or punctuation could be recognized.
]]></error>
    <system-out><![CDATA[Request method:	GET
Request URI:	http://dummy.restapiexample.com/api/v1/employee/17
Proxy:			<none>
Request params:	<none>
Query params:	<none>
Form params:	<none>
Path params:	<none>
Headers:		Accept=*/*
Cookies:		<none>
Multiparts:		<none>
Body:			<none>
&amp#27;[32m.&amp#27;[0m&amp#27;[32m.&amp#27;[0m&amp#27;[31mF&amp#27;[0m]]></system-out>
  </testcase>
  <testcase name="page not found error" classname="com.heroku.web.acceptancetests.AcceptanceTestSuite" time="0.73">
    <error message="expected: &lt;404&gt; but was: &lt;405&gt;" type="net.serenitybdd.core.exceptions.SerenityManagedException"><![CDATA[net.serenitybdd.core.exceptions.SerenityManagedException: expected: <404> but was: <405>
]]></error>
    <system-out><![CDATA[Request method:	POST
Request URI:	http://dummy.restapiexample.com/api/v1/update/21
Proxy:			<none>
Request params:	<none>
Query params:	<none>
Form params:	<none>
Path params:	<none>
Headers:		Accept=*/*
				Content-Type=application/json; charset=UTF-8
Cookies:		<none>
Multiparts:		<none>
Body:			<none>
&amp#27;[32m.&amp#27;[0m&amp#27;[31mF&amp#27;[0m]]></system-out>
  </testcase>
  <testcase name="Successful authorization with valid credentials" classname="com.heroku.web.acceptancetests.AcceptanceTestSuite" time="8.471"/>
  <testcase name="Successful authorization with valid credentials" classname="com.heroku.web.acceptancetests.AcceptanceTestSuite" time="8.327">
    <error message="Timed out after 2 seconds. Element not found&#10;For documentation on this error, please visit: https://www.seleniumhq.org/exceptions/no_such_element.html&#10;Build info: version: &apos;3.141.59&apos;, revision: &apos;e82be7d358&apos;, time: &apos;2018-11-14T08:17:03&apos;&#10;System info: host: &apos;DESKTOP-MDMUE3T&apos;, ip: &apos;10.0.75.1&apos;, os.name: &apos;Windows 10&apos;, os.arch: &apos;amd64&apos;, os.version: &apos;10.0&apos;, java.version: &apos;1.8.0_191&apos;&#10;Driver info: driver.version: unknown" type="org.openqa.selenium.NoSuchElementException">org.openqa.selenium.NoSuchElementException: 
Timed out after 2 seconds. Element not found
For documentation on this error, please visit: https://www.seleniumhq.org/exceptions/no_such_element.html
Build info: version: '3.141.59', revision: 'e82be7d358', time: '2018-11-14T08:17:03'
System info: host: 'DESKTOP-MDMUE3T', ip: '10.0.75.1', os.name: 'Windows 10', os.arch: 'amd64', os.version: '10.0', java.version: '1.8.0_191'
Driver info: driver.version: unknown
</error>
    <system-out><![CDATA[&amp#27;[32m.&amp#27;[0m&amp#27;[31mF&amp#27;[0m]]></system-out>
    <system-err><![CDATA[1581817683886	Marionette	INFO	Stopped listening on port 51941
Feb 16, 2020 12:48:04 PM org.openqa.selenium.remote.DesiredCapabilities firefox
INFO: Using `new FirefoxOptions()` is preferred to `DesiredCapabilities.firefox()`
Feb 16, 2020 12:48:04 PM org.openqa.selenium.remote.DesiredCapabilities firefox
INFO: Using `new FirefoxOptions()` is preferred to `DesiredCapabilities.firefox()`
1581817685790	mozrunner::runner	INFO	Running command: "C:\\Program Files\\Mozilla Firefox\\firefox.exe" "-marionette" "-headless" "-foreground" "-no-remote" "-profile" "C:\\Users\\RAJESH~1\\AppData\\Local\\Temp\\rust_mozprofile.5d5YpGZqtrj1"
*** You are running in headless mode.
1581817686220	addons.webextension.doh-rollout@mozilla.org	WARN	Loading extension 'doh-rollout@mozilla.org': Reading manifest: Invalid extension permission: networkStatus
1581817686247	addons.webextension.screenshots@mozilla.org	WARN	Loading extension 'screenshots@mozilla.org': Reading manifest: Invalid extension permission: mozillaAddons
1581817686247	addons.webextension.screenshots@mozilla.org	WARN	Loading extension 'screenshots@mozilla.org': Reading manifest: Invalid extension permission: telemetry
1581817686247	addons.webextension.screenshots@mozilla.org	WARN	Loading extension 'screenshots@mozilla.org': Reading manifest: Invalid extension permission: resource://pdf.js/
1581817686247	addons.webextension.screenshots@mozilla.org	WARN	Loading extension 'screenshots@mozilla.org': Reading manifest: Invalid extension permission: about:reader*
JavaScript error: resource://gre/modules/XULStore.jsm, line 66: Error: Can't find profile directory.
1581817687709	Marionette	INFO	Listening on port 51982
1581817687898	Marionette	WARN	TLS certificate errors will be ignored for this session
Feb 16, 2020 12:48:07 PM org.openqa.selenium.remote.ProtocolHandshake createSession
INFO: Detected dialect: W3C
]]></system-err>
  </testcase>
  <testcase name="Successful redirection to home page" classname="com.heroku.web.acceptancetests.AcceptanceTestSuite" time="6.962"/>
  <testcase name="Selecting options from a dropdown list" classname="com.heroku.web.acceptancetests.AcceptanceTestSuite" time="8.13"/>
  <testcase name="Selecting options from a dropdown list" classname="com.heroku.web.acceptancetests.AcceptanceTestSuite" time="7.453"/>
  <testcase name="Using iframe window" classname="com.heroku.web.acceptancetests.AcceptanceTestSuite" time="7.21"/>
</testsuite>