{"name":"page not found error","id":"employee-details;page-not-found-error","testSteps":[{"number":1,"description":"Example: null","duration":763,"startTime":"2020-02-16T15:13:31.968+11:00[Australia/Sydney]","exception":{"errorType":"org.opentest4j.AssertionFailedError","message":"expected: \u003c404\u003e but was: \u003c405\u003e","stackTrace":[{"declaringClass":"com.dummy.api.requests.EmployeeDetailsRequests","methodName":"assertStatusCode","fileName":"EmployeeDetailsRequests.java","lineNumber":44},{"declaringClass":"com.dummy.api.steps.dummyRestStepDefinitions","methodName":"receives_a_response_code","fileName":"dummyRestStepDefinitions.java","lineNumber":35},{"declaringClass":"cucumber.runner.PickleStepDefinitionMatch","methodName":"runStep","fileName":"PickleStepDefinitionMatch.java","lineNumber":50},{"declaringClass":"cucumber.runner.TestStep","methodName":"executeStep","fileName":"TestStep.java","lineNumber":63},{"declaringClass":"cucumber.runner.TestStep","methodName":"run","fileName":"TestStep.java","lineNumber":49},{"declaringClass":"cucumber.runner.PickleStepTestStep","methodName":"run","fileName":"PickleStepTestStep.java","lineNumber":43},{"declaringClass":"cucumber.runner.TestCase","methodName":"run","fileName":"TestCase.java","lineNumber":44},{"declaringClass":"cucumber.runner.Runner","methodName":"runPickle","fileName":"Runner.java","lineNumber":40}]},"result":"FAILURE","precondition":false,"level":0,"children":[{"number":2,"description":"When users posts employee details with path \"update/21\"","duration":670,"startTime":"2020-02-16T15:13:32.035+11:00[Australia/Sydney]","result":"SUCCESS","precondition":false,"level":1},{"number":3,"description":"Then receives a response code \"404\"","duration":15,"startTime":"2020-02-16T15:13:32.706+11:00[Australia/Sydney]","exception":{"errorType":"org.opentest4j.AssertionFailedError","message":"expected: \u003c404\u003e but was: \u003c405\u003e","stackTrace":[{"declaringClass":"com.dummy.api.requests.EmployeeDetailsRequests","methodName":"assertStatusCode","fileName":"EmployeeDetailsRequests.java","lineNumber":44},{"declaringClass":"com.dummy.api.steps.dummyRestStepDefinitions","methodName":"receives_a_response_code","fileName":"dummyRestStepDefinitions.java","lineNumber":35},{"declaringClass":"cucumber.runner.PickleStepDefinitionMatch","methodName":"runStep","fileName":"PickleStepDefinitionMatch.java","lineNumber":50},{"declaringClass":"cucumber.runner.TestStep","methodName":"executeStep","fileName":"TestStep.java","lineNumber":63},{"declaringClass":"cucumber.runner.TestStep","methodName":"run","fileName":"TestStep.java","lineNumber":49},{"declaringClass":"cucumber.runner.PickleStepTestStep","methodName":"run","fileName":"PickleStepTestStep.java","lineNumber":43},{"declaringClass":"cucumber.runner.TestCase","methodName":"run","fileName":"TestCase.java","lineNumber":44},{"declaringClass":"cucumber.runner.Runner","methodName":"runPickle","fileName":"Runner.java","lineNumber":40}]},"result":"FAILURE","precondition":false,"level":1,"children":[{"number":4,"description":"Assert status code: 404","duration":2,"startTime":"2020-02-16T15:13:32.711+11:00[Australia/Sydney]","exception":{"errorType":"org.opentest4j.AssertionFailedError","message":"expected: \u003c404\u003e but was: \u003c405\u003e","stackTrace":[{"declaringClass":"com.dummy.api.requests.EmployeeDetailsRequests","methodName":"assertStatusCode","fileName":"EmployeeDetailsRequests.java","lineNumber":44},{"declaringClass":"com.dummy.api.steps.dummyRestStepDefinitions","methodName":"receives_a_response_code","fileName":"dummyRestStepDefinitions.java","lineNumber":35},{"declaringClass":"cucumber.runner.PickleStepDefinitionMatch","methodName":"runStep","fileName":"PickleStepDefinitionMatch.java","lineNumber":50},{"declaringClass":"cucumber.runner.TestStep","methodName":"executeStep","fileName":"TestStep.java","lineNumber":63},{"declaringClass":"cucumber.runner.TestStep","methodName":"run","fileName":"TestStep.java","lineNumber":49},{"declaringClass":"cucumber.runner.PickleStepTestStep","methodName":"run","fileName":"PickleStepTestStep.java","lineNumber":43},{"declaringClass":"cucumber.runner.TestCase","methodName":"run","fileName":"TestCase.java","lineNumber":44},{"declaringClass":"cucumber.runner.Runner","methodName":"runPickle","fileName":"Runner.java","lineNumber":40}]},"result":"FAILURE","precondition":false,"level":2}]}]}],"userStory":{"id":"employee-details","storyName":"Employee Details","path":"src/test/resources/features/dummyrest/rest-api.feature","type":"feature"},"featureTag":{"name":"Dummyrest/Employee Details","type":"feature","displayName":"Dummyrest/Employee Details"},"title":"page not found error","tags":[{"name":"rest-all","type":"tag","displayName":"rest-all"}],"startTime":"2020-02-16T15:13:31.957+11:00[Australia/Sydney]","duration":778,"testFailureCause":{"errorType":"org.opentest4j.AssertionFailedError","message":"expected: \u003c404\u003e but was: \u003c405\u003e","stackTrace":[{"declaringClass":"com.dummy.api.requests.EmployeeDetailsRequests","methodName":"assertStatusCode","fileName":"EmployeeDetailsRequests.java","lineNumber":44},{"declaringClass":"com.dummy.api.steps.dummyRestStepDefinitions","methodName":"receives_a_response_code","fileName":"dummyRestStepDefinitions.java","lineNumber":35},{"declaringClass":"cucumber.runner.PickleStepDefinitionMatch","methodName":"runStep","fileName":"PickleStepDefinitionMatch.java","lineNumber":50},{"declaringClass":"cucumber.runner.TestStep","methodName":"executeStep","fileName":"TestStep.java","lineNumber":63},{"declaringClass":"cucumber.runner.TestStep","methodName":"run","fileName":"TestStep.java","lineNumber":49},{"declaringClass":"cucumber.runner.PickleStepTestStep","methodName":"run","fileName":"PickleStepTestStep.java","lineNumber":43},{"declaringClass":"cucumber.runner.TestCase","methodName":"run","fileName":"TestCase.java","lineNumber":44},{"declaringClass":"cucumber.runner.Runner","methodName":"runPickle","fileName":"Runner.java","lineNumber":40}]},"testFailureClassname":"org.opentest4j.AssertionFailedError","testFailureMessage":"expected: \u003c404\u003e but was: \u003c405\u003e","testFailureSummary":"FAILURE;org.opentest4j.AssertionFailedError;expected: \u003c404\u003e but was: \u003c405\u003e;EmployeeDetailsRequests.java","projectKey":"","annotatedResult":"FAILURE","isManualTestingUpToDate":false,"manual":false,"testSource":"Cucumber","result":"FAILURE","scenarioOutline":"When users posts employee details with path \"update/21\"\r\nThen receives a response code \"404\""}