<?xml version="1.0" encoding="UTF-8"?><testsuite errors="1" failures="1" name="Employee Details" skipped="0" tests="3" time="7.26" timestamp="2020-02-16 03:13:25"><testcase name="Get All Employee Details"/><testcase name="Get particular employee details"><error message="Lexing failed on line: 1, column: 1, while reading '&lt;', no possible valid JSON value or punctuation could be recognized." type="groovy.json.JsonException">Lexing failed on line: 1, column: 1, while reading '&lt;', no possible valid JSON value or punctuation could be recognized.</error><system-err>Lexing failed on line: 1, column: 1, while reading '&lt;', no possible valid JSON value or punctuation could be recognized.&#13;
groovy.json.JsonLexer.nextToken(JsonLexer.java:87)&#13;
io.restassured.internal.path.json.ConfigurableJsonSlurper.parse(ConfigurableJsonSlurper.groovy:97)&#13;
io.restassured.internal.path.json.ConfigurableJsonSlurper.parseText(ConfigurableJsonSlurper.groovy:83)&#13;
io.restassured.path.json.JsonPath.get(JsonPath.java:202)&#13;
com.dummy.api.requests.EmployeeDetailsRequests.assertEmployeeDetailsResponse(EmployeeDetailsRequests.java:64)&#13;
com.dummy.api.steps.dummyRestStepDefinitions.compares_the_output_with_the_expected_data(dummyRestStepDefinitions.java:46)&#13;
cucumber.runner.PickleStepDefinitionMatch.runStep(PickleStepDefinitionMatch.java:50)&#13;
cucumber.runner.TestStep.executeStep(TestStep.java:63)&#13;
cucumber.runner.TestStep.run(TestStep.java:49)&#13;
cucumber.runner.PickleStepTestStep.run(PickleStepTestStep.java:43)&#13;
cucumber.runner.TestCase.run(TestCase.java:44)&#13;
cucumber.runner.Runner.runPickle(Runner.java:40)&#13;
</system-err></testcase><testcase name="page not found error"><failure message="expected: &lt;404&gt; but was: &lt;405&gt;" type="org.opentest4j.AssertionFailedError">expected: &lt;404&gt; but was: &lt;405&gt;</failure><system-err>expected: &lt;404&gt; but was: &lt;405&gt;&#13;
com.dummy.api.requests.EmployeeDetailsRequests.assertStatusCode(EmployeeDetailsRequests.java:44)&#13;
com.dummy.api.steps.dummyRestStepDefinitions.receives_a_response_code(dummyRestStepDefinitions.java:35)&#13;
cucumber.runner.PickleStepDefinitionMatch.runStep(PickleStepDefinitionMatch.java:50)&#13;
cucumber.runner.TestStep.executeStep(TestStep.java:63)&#13;
cucumber.runner.TestStep.run(TestStep.java:49)&#13;
cucumber.runner.PickleStepTestStep.run(PickleStepTestStep.java:43)&#13;
cucumber.runner.TestCase.run(TestCase.java:44)&#13;
cucumber.runner.Runner.runPickle(Runner.java:40)&#13;
</system-err></testcase></testsuite>